+ source /dss/dsshome1/0D/ru47tac2/miniconda3/etc/profile.d/conda.sh
++ export CONDA_EXE=/dss/dsshome1/0D/ru47tac2/miniconda3/bin/conda
++ CONDA_EXE=/dss/dsshome1/0D/ru47tac2/miniconda3/bin/conda
++ export _CE_M=
++ _CE_M=
++ export _CE_CONDA=
++ _CE_CONDA=
++ export CONDA_PYTHON_EXE=/dss/dsshome1/0D/ru47tac2/miniconda3/bin/python
++ CONDA_PYTHON_EXE=/dss/dsshome1/0D/ru47tac2/miniconda3/bin/python
++ '[' -z x ']'
+ conda init
+ local cmd=init
+ case "$cmd" in
+ __conda_exe init
+ '[' -n '' ']'
+ /dss/dsshome1/0D/ru47tac2/miniconda3/bin/conda init
+ conda activate nnunetv2
+ local cmd=activate
+ case "$cmd" in
+ __conda_activate activate nnunetv2
+ '[' -n '' ']'
+ local ask_conda
++ PS1=
++ __conda_exe shell.posix activate nnunetv2
++ '[' -n '' ']'
++ /dss/dsshome1/0D/ru47tac2/miniconda3/bin/conda shell.posix activate nnunetv2
+ ask_conda='unset _CE_M
unset _CE_CONDA
PS1='\''(nnunetv2) '\''
export PATH='\''/dss/dsshome1/0D/ru47tac2/.vscode-server/.vscode-server/cli/servers/Stable-7adae6a56e34cb64d08899664b814cf620465925/server/bin/remote-cli:/dss/dsshome1/0D/ru47tac2/miniconda3/envs/nnunetv2/bin:/dss/dsshome1/0D/ru47tac2/miniconda3/condabin:/usr/local/sbin:/usr/local/bin:/usr/sbin:/usr/bin:/sbin:/bin:/usr/games:/usr/local/games:/snap/bin'\''
export CONDA_SHLVL='\''2'\''
export CONDA_PROMPT_MODIFIER='\''(nnunetv2) '\''
export CONDA_EXE='\''/dss/dsshome1/0D/ru47tac2/miniconda3/bin/conda'\''
export CONDA_PYTHON_EXE='\''/dss/dsshome1/0D/ru47tac2/miniconda3/bin/python'\'''
+ eval 'unset _CE_M
unset _CE_CONDA
PS1='\''(nnunetv2) '\''
export PATH='\''/dss/dsshome1/0D/ru47tac2/.vscode-server/.vscode-server/cli/servers/Stable-7adae6a56e34cb64d08899664b814cf620465925/server/bin/remote-cli:/dss/dsshome1/0D/ru47tac2/miniconda3/envs/nnunetv2/bin:/dss/dsshome1/0D/ru47tac2/miniconda3/condabin:/usr/local/sbin:/usr/local/bin:/usr/sbin:/usr/bin:/sbin:/bin:/usr/games:/usr/local/games:/snap/bin'\''
export CONDA_SHLVL='\''2'\''
export CONDA_PROMPT_MODIFIER='\''(nnunetv2) '\''
export CONDA_EXE='\''/dss/dsshome1/0D/ru47tac2/miniconda3/bin/conda'\''
export CONDA_PYTHON_EXE='\''/dss/dsshome1/0D/ru47tac2/miniconda3/bin/python'\'''
++ unset _CE_M
++ unset _CE_CONDA
++ PS1='(nnunetv2) '
++ export PATH=/dss/dsshome1/0D/ru47tac2/.vscode-server/.vscode-server/cli/servers/Stable-7adae6a56e34cb64d08899664b814cf620465925/server/bin/remote-cli:/dss/dsshome1/0D/ru47tac2/miniconda3/envs/nnunetv2/bin:/dss/dsshome1/0D/ru47tac2/miniconda3/condabin:/usr/local/sbin:/usr/local/bin:/usr/sbin:/usr/bin:/sbin:/bin:/usr/games:/usr/local/games:/snap/bin
++ PATH=/dss/dsshome1/0D/ru47tac2/.vscode-server/.vscode-server/cli/servers/Stable-7adae6a56e34cb64d08899664b814cf620465925/server/bin/remote-cli:/dss/dsshome1/0D/ru47tac2/miniconda3/envs/nnunetv2/bin:/dss/dsshome1/0D/ru47tac2/miniconda3/condabin:/usr/local/sbin:/usr/local/bin:/usr/sbin:/usr/bin:/sbin:/bin:/usr/games:/usr/local/games:/snap/bin
++ export CONDA_SHLVL=2
++ CONDA_SHLVL=2
++ export 'CONDA_PROMPT_MODIFIER=(nnunetv2) '
++ CONDA_PROMPT_MODIFIER='(nnunetv2) '
++ export CONDA_EXE=/dss/dsshome1/0D/ru47tac2/miniconda3/bin/conda
++ CONDA_EXE=/dss/dsshome1/0D/ru47tac2/miniconda3/bin/conda
++ export CONDA_PYTHON_EXE=/dss/dsshome1/0D/ru47tac2/miniconda3/bin/python
++ CONDA_PYTHON_EXE=/dss/dsshome1/0D/ru47tac2/miniconda3/bin/python
+ __conda_hashr
+ '[' -n '' ']'
+ '[' -n '' ']'
+ hash -r
+ nnUNetv2_plan_and_preprocess -d 201 -c 3d_fullres -np 1 --verify_dataset_integrity
  0%|          | 0/120 [00:00<?, ?it/s]  1%|          | 1/120 [00:41<1:22:50, 41.77s/it]  2%|▏         | 2/120 [01:30<1:30:15, 45.89s/it]  2%|▎         | 3/120 [02:15<1:28:18, 45.29s/it]  3%|▎         | 4/120 [02:53<1:22:02, 42.44s/it]  4%|▍         | 5/120 [03:37<1:22:57, 43.28s/it]  5%|▌         | 6/120 [04:38<1:33:21, 49.13s/it]  6%|▌         | 7/120 [05:25<1:31:27, 48.56s/it]  7%|▋         | 8/120 [06:06<1:26:05, 46.12s/it]  8%|▊         | 9/120 [06:42<1:19:09, 42.78s/it]  8%|▊         | 10/120 [07:19<1:15:32, 41.20s/it]  9%|▉         | 11/120 [07:59<1:14:10, 40.83s/it] 10%|█         | 12/120 [08:41<1:13:50, 41.02s/it] 11%|█         | 13/120 [09:21<1:12:34, 40.70s/it] 12%|█▏        | 14/120 [09:56<1:09:03, 39.09s/it] 12%|█▎        | 15/120 [10:39<1:10:36, 40.35s/it] 13%|█▎        | 16/120 [11:22<1:11:14, 41.10s/it] 14%|█▍        | 17/120 [12:13<1:15:39, 44.07s/it] 15%|█▌        | 18/120 [13:05<1:18:45, 46.33s/it] 16%|█▌        | 19/120 [13:47<1:15:40, 44.96s/it] 17%|█▋        | 20/120 [14:15<1:06:55, 40.15s/it] 18%|█▊        | 21/120 [15:00<1:08:32, 41.54s/it] 18%|█▊        | 22/120 [15:44<1:08:41, 42.06s/it] 19%|█▉        | 23/120 [16:42<1:16:00, 47.02s/it] 20%|██        | 24/120 [17:22<1:11:47, 44.87s/it] 21%|██        | 25/120 [18:01<1:08:14, 43.10s/it] 22%|██▏       | 26/120 [18:41<1:06:08, 42.22s/it] 22%|██▎       | 27/120 [19:19<1:03:21, 40.88s/it] 23%|██▎       | 28/120 [20:04<1:04:33, 42.11s/it] 24%|██▍       | 29/120 [20:41<1:01:25, 40.50s/it] 25%|██▌       | 30/120 [21:12<56:32, 37.70s/it]   26%|██▌       | 31/120 [21:48<55:19, 37.29s/it] 27%|██▋       | 32/120 [22:31<57:11, 39.00s/it] 28%|██▊       | 33/120 [23:12<57:29, 39.64s/it] 28%|██▊       | 34/120 [23:57<58:51, 41.07s/it] 29%|██▉       | 35/120 [24:31<55:32, 39.20s/it] 30%|███       | 36/120 [25:13<55:39, 39.76s/it] 31%|███       | 37/120 [25:40<49:43, 35.95s/it] 32%|███▏      | 38/120 [26:22<51:38, 37.79s/it] 32%|███▎      | 39/120 [27:07<54:00, 40.00s/it] 33%|███▎      | 40/120 [27:49<54:00, 40.51s/it] 34%|███▍      | 41/120 [28:27<52:43, 40.04s/it] 35%|███▌      | 42/120 [29:13<54:17, 41.76s/it] 36%|███▌      | 43/120 [29:56<54:00, 42.09s/it] 37%|███▋      | 44/120 [30:39<53:41, 42.38s/it] 38%|███▊      | 45/120 [31:24<54:03, 43.25s/it] 38%|███▊      | 46/120 [32:07<53:09, 43.10s/it] 39%|███▉      | 47/120 [32:49<51:50, 42.61s/it] 40%|████      | 48/120 [33:27<49:38, 41.36s/it] 41%|████      | 49/120 [34:04<47:20, 40.01s/it] 42%|████▏     | 50/120 [34:49<48:28, 41.56s/it] 42%|████▎     | 51/120 [35:25<45:41, 39.73s/it] 43%|████▎     | 52/120 [35:57<42:22, 37.39s/it] 44%|████▍     | 53/120 [36:35<42:02, 37.65s/it] 45%|████▌     | 54/120 [37:13<41:40, 37.89s/it] 46%|████▌     | 55/120 [37:55<42:14, 38.99s/it] 47%|████▋     | 56/120 [38:38<43:05, 40.39s/it] 48%|████▊     | 57/120 [39:19<42:25, 40.41s/it] 48%|████▊     | 58/120 [40:06<43:49, 42.41s/it] 49%|████▉     | 59/120 [40:42<41:01, 40.35s/it] 50%|█████     | 60/120 [41:20<39:43, 39.72s/it] 51%|█████     | 61/120 [42:03<40:09, 40.84s/it] 52%|█████▏    | 62/120 [42:38<37:51, 39.17s/it] 52%|█████▎    | 63/120 [43:19<37:32, 39.52s/it] 53%|█████▎    | 64/120 [43:50<34:27, 36.92s/it] 54%|█████▍    | 65/120 [44:27<33:59, 37.08s/it] 55%|█████▌    | 66/120 [44:59<31:51, 35.39s/it] 56%|█████▌    | 67/120 [45:39<32:36, 36.91s/it] 57%|█████▋    | 68/120 [46:14<31:27, 36.29s/it] 57%|█████▊    | 69/120 [46:55<32:00, 37.66s/it] 58%|█████▊    | 70/120 [47:37<32:32, 39.04s/it] 59%|█████▉    | 71/120 [48:17<32:06, 39.32s/it] 60%|██████    | 72/120 [49:01<32:34, 40.71s/it] 61%|██████    | 73/120 [49:43<32:09, 41.05s/it] 62%|██████▏   | 74/120 [50:22<31:05, 40.54s/it] 62%|██████▎   | 75/120 [51:01<30:00, 40.01s/it] 63%|██████▎   | 76/120 [51:44<30:06, 41.05s/it] 64%|██████▍   | 77/120 [52:23<28:58, 40.42s/it] 65%|██████▌   | 78/120 [53:03<28:04, 40.10s/it] 66%|██████▌   | 79/120 [53:43<27:32, 40.30s/it] 67%|██████▋   | 80/120 [54:32<28:31, 42.78s/it] 68%|██████▊   | 81/120 [55:13<27:32, 42.38s/it] 68%|██████▊   | 82/120 [55:58<27:09, 42.89s/it] 69%|██████▉   | 83/120 [56:40<26:26, 42.88s/it] 70%|███████   | 84/120 [57:20<25:07, 41.88s/it] 71%|███████   | 85/120 [58:00<24:08, 41.39s/it] 72%|███████▏  | 86/120 [58:44<23:56, 42.25s/it] 72%|███████▎  | 87/120 [59:23<22:39, 41.20s/it] 73%|███████▎  | 88/120 [1:00:03<21:43, 40.74s/it] 74%|███████▍  | 89/120 [1:00:41<20:36, 39.90s/it] 75%|███████▌  | 90/120 [1:01:14<18:55, 37.85s/it] 76%|███████▌  | 91/120 [1:01:46<17:30, 36.23s/it] 77%|███████▋  | 92/120 [1:02:25<17:15, 36.99s/it] 78%|███████▊  | 93/120 [1:03:13<18:09, 40.37s/it] 78%|███████▊  | 94/120 [1:03:50<16:59, 39.22s/it] 79%|███████▉  | 95/120 [1:04:55<19:38, 47.13s/it] 79%|███████▉  | 95/120 [1:05:14<17:10, 41.21s/it]
multiprocessing.pool.RemoteTraceback: 
"""
Traceback (most recent call last):
  File "/dss/dsshome1/0D/ru47tac2/miniconda3/envs/nnunetv2/lib/python3.10/multiprocessing/pool.py", line 125, in worker
    result = (True, func(*args, **kwds))
  File "/dss/dsshome1/0D/ru47tac2/miniconda3/envs/nnunetv2/lib/python3.10/multiprocessing/pool.py", line 51, in starmapstar
    return list(itertools.starmap(args[0], args[1]))
  File "/dss/dsshome1/0D/ru47tac2/projects/segrap2025/nnunet_repo/nnunetv2/preprocessing/preprocessors/default_preprocessor.py", line 166, in run_case_save
    nnUNetDatasetBlosc2.save_case(data, seg, properties, output_filename_truncated,
  File "/dss/dsshome1/0D/ru47tac2/projects/segrap2025/nnunet_repo/nnunetv2/training/dataloading/nnunet_dataset.py", line 179, in save_case
    blosc2.asarray(np.ascontiguousarray(data), urlpath=output_filename_truncated + '.b2nd', chunks=chunks,
  File "/dss/dsshome1/0D/ru47tac2/miniconda3/envs/nnunetv2/lib/python3.10/site-packages/blosc2/ndarray.py", line 3867, in asarray
    ndarr[slice_] = array_slice
  File "/dss/dsshome1/0D/ru47tac2/miniconda3/envs/nnunetv2/lib/python3.10/site-packages/blosc2/ndarray.py", line 1690, in __setitem__
    return super().set_slice(key, value)
  File "blosc2/blosc2_ext.pyx", line 2546, in blosc2.blosc2_ext.NDArray.set_slice
  File "blosc2/blosc2_ext.pyx", line 2243, in blosc2.blosc2_ext._check_rc
RuntimeError: Error while setting the slice
"""

The above exception was the direct cause of the following exception:

Traceback (most recent call last):
  File "/dss/dsshome1/0D/ru47tac2/miniconda3/envs/nnunetv2/bin/nnUNetv2_plan_and_preprocess", line 8, in <module>
    sys.exit(plan_and_preprocess_entry())
  File "/dss/dsshome1/0D/ru47tac2/projects/segrap2025/nnunet_repo/nnunetv2/experiment_planning/plan_and_preprocess_entrypoints.py", line 196, in plan_and_preprocess_entry
    preprocess(args.d, plans_identifier, args.c, np, args.verbose)
  File "/dss/dsshome1/0D/ru47tac2/projects/segrap2025/nnunet_repo/nnunetv2/experiment_planning/plan_and_preprocess_api.py", line 150, in preprocess
    preprocess_dataset(d, plans_identifier, configurations, num_processes, verbose)
  File "/dss/dsshome1/0D/ru47tac2/projects/segrap2025/nnunet_repo/nnunetv2/experiment_planning/plan_and_preprocess_api.py", line 129, in preprocess_dataset
    preprocessor.run(dataset_id, c, plans_identifier, num_processes=n)
  File "/dss/dsshome1/0D/ru47tac2/projects/segrap2025/nnunet_repo/nnunetv2/preprocessing/preprocessors/default_preprocessor.py", line 304, in run
    _ = [r[i].get() for i in done]
  File "/dss/dsshome1/0D/ru47tac2/projects/segrap2025/nnunet_repo/nnunetv2/preprocessing/preprocessors/default_preprocessor.py", line 304, in <listcomp>
    _ = [r[i].get() for i in done]
  File "/dss/dsshome1/0D/ru47tac2/miniconda3/envs/nnunetv2/lib/python3.10/multiprocessing/pool.py", line 774, in get
    raise self._value
RuntimeError: Error while setting the slice
