/var/lib/slurm-llnl/slurmd/job5244594/slurm_script: line 14: activate: No such file or directory
  0%|          | 0/120 [00:00<?, ?it/s]  1%|          | 1/120 [00:42<1:24:06, 42.41s/it]  2%|▏         | 2/120 [00:53<47:33, 24.18s/it]    2%|▎         | 3/120 [01:27<55:10, 28.29s/it]  3%|▎         | 4/120 [01:32<37:37, 19.46s/it]  4%|▍         | 5/120 [02:12<51:25, 26.83s/it]  5%|▌         | 6/120 [02:34<47:45, 25.14s/it]  6%|▌         | 7/120 [03:01<48:13, 25.60s/it]  7%|▋         | 8/120 [03:16<41:52, 22.43s/it]  8%|▊         | 9/120 [03:37<40:35, 21.94s/it]  8%|▊         | 10/120 [03:55<37:43, 20.58s/it]  9%|▉         | 11/120 [04:18<38:52, 21.40s/it] 10%|█         | 12/120 [04:37<37:04, 20.59s/it] 11%|█         | 13/120 [04:58<37:17, 20.91s/it] 12%|█▏        | 14/120 [05:13<33:35, 19.02s/it] 12%|█▎        | 15/120 [05:43<38:47, 22.17s/it] 13%|█▎        | 16/120 [05:57<34:20, 19.81s/it] 14%|█▍        | 17/120 [06:35<43:20, 25.25s/it] 15%|█▌        | 18/120 [06:50<37:36, 22.12s/it] 16%|█▌        | 19/120 [07:18<40:17, 23.94s/it] 17%|█▋        | 20/120 [07:19<28:37, 17.17s/it] 18%|█▊        | 21/120 [08:04<41:55, 25.41s/it] 19%|█▉        | 23/120 [08:44<37:14, 23.04s/it] 20%|██        | 24/120 [09:04<35:28, 22.17s/it] 21%|██        | 25/120 [09:24<34:10, 21.59s/it] 22%|██▏       | 26/120 [09:45<33:40, 21.49s/it] 22%|██▎       | 27/120 [10:03<31:35, 20.38s/it] 23%|██▎       | 28/120 [10:31<34:55, 22.77s/it] 24%|██▍       | 29/120 [10:40<28:13, 18.61s/it] 25%|██▌       | 30/120 [11:03<30:05, 20.06s/it] 26%|██▌       | 31/120 [11:17<26:45, 18.04s/it] 27%|██▋       | 32/120 [11:47<31:46, 21.66s/it] 28%|██▊       | 33/120 [11:58<27:02, 18.64s/it] 28%|██▊       | 34/120 [12:32<33:03, 23.06s/it] 29%|██▉       | 35/120 [12:34<23:48, 16.80s/it] 30%|███       | 36/120 [13:01<28:01, 20.02s/it] 31%|███       | 37/120 [13:13<24:12, 17.50s/it] 32%|███▏      | 38/120 [13:44<29:37, 21.68s/it] 32%|███▎      | 39/120 [13:58<26:00, 19.27s/it] 33%|███▎      | 40/120 [14:27<29:29, 22.11s/it] 34%|███▍      | 41/120 [14:37<24:34, 18.67s/it] 35%|███▌      | 42/120 [15:13<30:58, 23.82s/it] 36%|███▌      | 43/120 [15:21<24:10, 18.84s/it] 37%|███▋      | 44/120 [15:57<30:22, 23.98s/it] 38%|███▊      | 45/120 [16:06<24:42, 19.76s/it] 38%|███▊      | 46/120 [16:40<29:31, 23.94s/it] 39%|███▉      | 47/120 [16:48<23:25, 19.25s/it] 40%|████      | 48/120 [17:19<27:03, 22.55s/it] 41%|████      | 49/120 [17:26<21:14, 17.95s/it] 42%|████▏     | 50/120 [18:02<27:19, 23.42s/it] 42%|████▎     | 51/120 [18:05<19:45, 17.17s/it] 43%|████▎     | 52/120 [18:35<23:46, 20.98s/it] 44%|████▍     | 53/120 [18:43<19:23, 17.36s/it] 45%|████▌     | 54/120 [19:14<23:23, 21.26s/it] 46%|████▌     | 55/120 [19:25<19:54, 18.37s/it] 47%|████▋     | 56/120 [19:58<24:16, 22.75s/it] 48%|████▊     | 57/120 [20:06<19:14, 18.33s/it] 48%|████▊     | 58/120 [20:43<24:28, 23.69s/it] 49%|████▉     | 59/120 [20:47<18:02, 17.75s/it] 50%|█████     | 60/120 [21:22<22:55, 22.92s/it] 51%|█████     | 61/120 [21:30<18:24, 18.72s/it] 52%|█████▏    | 62/120 [21:57<20:27, 21.16s/it] 52%|█████▎    | 63/120 [22:08<17:11, 18.09s/it] 53%|█████▎    | 64/120 [22:29<17:35, 18.85s/it] 54%|█████▍    | 65/120 [22:46<16:50, 18.37s/it] 55%|█████▌    | 66/120 [23:01<15:32, 17.27s/it] 56%|█████▌    | 67/120 [23:27<17:38, 19.96s/it] 57%|█████▋    | 68/120 [23:36<14:27, 16.68s/it] 57%|█████▊    | 69/120 [24:08<18:10, 21.38s/it] 58%|█████▊    | 70/120 [24:19<15:10, 18.21s/it] 59%|█████▉    | 71/120 [24:49<17:38, 21.61s/it] 60%|██████    | 72/120 [25:04<15:43, 19.67s/it] 61%|██████    | 73/120 [25:31<17:12, 21.97s/it] 62%|██████▏   | 74/120 [25:44<14:45, 19.25s/it] 62%|██████▎   | 75/120 [26:10<15:58, 21.29s/it] 63%|██████▎   | 76/120 [26:28<14:55, 20.34s/it] 64%|██████▍   | 77/120 [26:49<14:44, 20.58s/it] 65%|██████▌   | 78/120 [27:09<14:06, 20.15s/it] 66%|██████▌   | 79/120 [27:31<14:15, 20.86s/it] 67%|██████▋   | 80/120 [27:58<15:05, 22.63s/it] 68%|██████▊   | 81/120 [28:13<13:13, 20.35s/it] 68%|██████▊   | 82/120 [28:42<14:36, 23.08s/it] 69%|██████▉   | 83/120 [28:56<12:28, 20.24s/it] 70%|███████   | 84/120 [29:23<13:19, 22.22s/it] 71%|███████   | 85/120 [29:37<11:29, 19.70s/it] 72%|███████▏  | 86/120 [30:08<13:05, 23.11s/it] 72%|███████▎  | 87/120 [30:16<10:15, 18.64s/it] 73%|███████▎  | 88/120 [30:48<12:04, 22.63s/it] 74%|███████▍  | 89/120 [30:54<09:10, 17.76s/it] 75%|███████▌  | 90/120 [31:21<10:15, 20.52s/it] 76%|███████▌  | 91/120 [31:27<07:49, 16.19s/it] 77%|███████▋  | 92/120 [32:01<09:57, 21.35s/it] 78%|███████▊  | 93/120 [32:16<08:47, 19.54s/it] 78%|███████▊  | 94/120 [32:38<08:44, 20.17s/it] 78%|███████▊  | 94/120 [33:09<09:10, 21.17s/it]
multiprocessing.pool.RemoteTraceback: 
"""
Traceback (most recent call last):
  File "/dss/dsshome1/0D/ru47tac2/miniconda3/envs/nnunetv2/lib/python3.10/multiprocessing/pool.py", line 125, in worker
    result = (True, func(*args, **kwds))
  File "/dss/dsshome1/0D/ru47tac2/miniconda3/envs/nnunetv2/lib/python3.10/multiprocessing/pool.py", line 51, in starmapstar
    return list(itertools.starmap(args[0], args[1]))
  File "/dss/dsshome1/0D/ru47tac2/projects/segrap2025/nnunet_repo/nnunetv2/preprocessing/preprocessors/default_preprocessor.py", line 166, in run_case_save
    nnUNetDatasetBlosc2.save_case(data, seg, properties, output_filename_truncated,
  File "/dss/dsshome1/0D/ru47tac2/projects/segrap2025/nnunet_repo/nnunetv2/training/dataloading/nnunet_dataset.py", line 179, in save_case
    blosc2.asarray(np.ascontiguousarray(data), urlpath=output_filename_truncated + '.b2nd', chunks=chunks,
  File "/dss/dsshome1/0D/ru47tac2/miniconda3/envs/nnunetv2/lib/python3.10/site-packages/blosc2/ndarray.py", line 3867, in asarray
    ndarr[slice_] = array_slice
  File "/dss/dsshome1/0D/ru47tac2/miniconda3/envs/nnunetv2/lib/python3.10/site-packages/blosc2/ndarray.py", line 1690, in __setitem__
    return super().set_slice(key, value)
  File "blosc2/blosc2_ext.pyx", line 2546, in blosc2.blosc2_ext.NDArray.set_slice
  File "blosc2/blosc2_ext.pyx", line 2243, in blosc2.blosc2_ext._check_rc
RuntimeError: Error while setting the slice
"""

The above exception was the direct cause of the following exception:

Traceback (most recent call last):
  File "/dss/dsshome1/0D/ru47tac2/miniconda3/envs/nnunetv2/bin/nnUNetv2_plan_and_preprocess", line 8, in <module>
    sys.exit(plan_and_preprocess_entry())
  File "/dss/dsshome1/0D/ru47tac2/projects/segrap2025/nnunet_repo/nnunetv2/experiment_planning/plan_and_preprocess_entrypoints.py", line 196, in plan_and_preprocess_entry
    preprocess(args.d, plans_identifier, args.c, np, args.verbose)
  File "/dss/dsshome1/0D/ru47tac2/projects/segrap2025/nnunet_repo/nnunetv2/experiment_planning/plan_and_preprocess_api.py", line 150, in preprocess
    preprocess_dataset(d, plans_identifier, configurations, num_processes, verbose)
  File "/dss/dsshome1/0D/ru47tac2/projects/segrap2025/nnunet_repo/nnunetv2/experiment_planning/plan_and_preprocess_api.py", line 129, in preprocess_dataset
    preprocessor.run(dataset_id, c, plans_identifier, num_processes=n)
  File "/dss/dsshome1/0D/ru47tac2/projects/segrap2025/nnunet_repo/nnunetv2/preprocessing/preprocessors/default_preprocessor.py", line 304, in run
    _ = [r[i].get() for i in done]
  File "/dss/dsshome1/0D/ru47tac2/projects/segrap2025/nnunet_repo/nnunetv2/preprocessing/preprocessors/default_preprocessor.py", line 304, in <listcomp>
    _ = [r[i].get() for i in done]
  File "/dss/dsshome1/0D/ru47tac2/miniconda3/envs/nnunetv2/lib/python3.10/multiprocessing/pool.py", line 774, in get
    raise self._value
RuntimeError: Error while setting the slice
