+ source /dss/dsshome1/0D/ru47tac2/miniconda3/etc/profile.d/conda.sh
++ export CONDA_EXE=/dss/dsshome1/0D/ru47tac2/miniconda3/bin/conda
++ CONDA_EXE=/dss/dsshome1/0D/ru47tac2/miniconda3/bin/conda
++ export _CE_M=
++ _CE_M=
++ export _CE_CONDA=
++ _CE_CONDA=
++ export CONDA_PYTHON_EXE=/dss/dsshome1/0D/ru47tac2/miniconda3/bin/python
++ CONDA_PYTHON_EXE=/dss/dsshome1/0D/ru47tac2/miniconda3/bin/python
++ '[' -z x ']'
+ conda init
+ local cmd=init
+ case "$cmd" in
+ __conda_exe init
+ '[' -n '' ']'
+ /dss/dsshome1/0D/ru47tac2/miniconda3/bin/conda init
+ conda activate nnunetv2
+ local cmd=activate
+ case "$cmd" in
+ __conda_activate activate nnunetv2
+ '[' -n '' ']'
+ local ask_conda
++ PS1=
++ __conda_exe shell.posix activate nnunetv2
++ '[' -n '' ']'
++ /dss/dsshome1/0D/ru47tac2/miniconda3/bin/conda shell.posix activate nnunetv2
+ ask_conda='unset _CE_M
unset _CE_CONDA
PS1='\''(nnunetv2) '\''
export PATH='\''/dss/dsshome1/0D/ru47tac2/.vscode-server/.vscode-server/cli/servers/Stable-7adae6a56e34cb64d08899664b814cf620465925/server/bin/remote-cli:/dss/dsshome1/0D/ru47tac2/miniconda3/envs/nnunetv2/bin:/dss/dsshome1/0D/ru47tac2/miniconda3/condabin:/usr/local/sbin:/usr/local/bin:/usr/sbin:/usr/bin:/sbin:/bin:/usr/games:/usr/local/games:/snap/bin'\''
export CONDA_SHLVL='\''2'\''
export CONDA_PROMPT_MODIFIER='\''(nnunetv2) '\''
export CONDA_EXE='\''/dss/dsshome1/0D/ru47tac2/miniconda3/bin/conda'\''
export CONDA_PYTHON_EXE='\''/dss/dsshome1/0D/ru47tac2/miniconda3/bin/python'\'''
+ eval 'unset _CE_M
unset _CE_CONDA
PS1='\''(nnunetv2) '\''
export PATH='\''/dss/dsshome1/0D/ru47tac2/.vscode-server/.vscode-server/cli/servers/Stable-7adae6a56e34cb64d08899664b814cf620465925/server/bin/remote-cli:/dss/dsshome1/0D/ru47tac2/miniconda3/envs/nnunetv2/bin:/dss/dsshome1/0D/ru47tac2/miniconda3/condabin:/usr/local/sbin:/usr/local/bin:/usr/sbin:/usr/bin:/sbin:/bin:/usr/games:/usr/local/games:/snap/bin'\''
export CONDA_SHLVL='\''2'\''
export CONDA_PROMPT_MODIFIER='\''(nnunetv2) '\''
export CONDA_EXE='\''/dss/dsshome1/0D/ru47tac2/miniconda3/bin/conda'\''
export CONDA_PYTHON_EXE='\''/dss/dsshome1/0D/ru47tac2/miniconda3/bin/python'\'''
++ unset _CE_M
++ unset _CE_CONDA
++ PS1='(nnunetv2) '
++ export PATH=/dss/dsshome1/0D/ru47tac2/.vscode-server/.vscode-server/cli/servers/Stable-7adae6a56e34cb64d08899664b814cf620465925/server/bin/remote-cli:/dss/dsshome1/0D/ru47tac2/miniconda3/envs/nnunetv2/bin:/dss/dsshome1/0D/ru47tac2/miniconda3/condabin:/usr/local/sbin:/usr/local/bin:/usr/sbin:/usr/bin:/sbin:/bin:/usr/games:/usr/local/games:/snap/bin
++ PATH=/dss/dsshome1/0D/ru47tac2/.vscode-server/.vscode-server/cli/servers/Stable-7adae6a56e34cb64d08899664b814cf620465925/server/bin/remote-cli:/dss/dsshome1/0D/ru47tac2/miniconda3/envs/nnunetv2/bin:/dss/dsshome1/0D/ru47tac2/miniconda3/condabin:/usr/local/sbin:/usr/local/bin:/usr/sbin:/usr/bin:/sbin:/bin:/usr/games:/usr/local/games:/snap/bin
++ export CONDA_SHLVL=2
++ CONDA_SHLVL=2
++ export 'CONDA_PROMPT_MODIFIER=(nnunetv2) '
++ CONDA_PROMPT_MODIFIER='(nnunetv2) '
++ export CONDA_EXE=/dss/dsshome1/0D/ru47tac2/miniconda3/bin/conda
++ CONDA_EXE=/dss/dsshome1/0D/ru47tac2/miniconda3/bin/conda
++ export CONDA_PYTHON_EXE=/dss/dsshome1/0D/ru47tac2/miniconda3/bin/python
++ CONDA_PYTHON_EXE=/dss/dsshome1/0D/ru47tac2/miniconda3/bin/python
+ __conda_hashr
+ '[' -n '' ']'
+ '[' -n '' ']'
+ hash -r
+ nnUNetv2_plan_and_preprocess -d 201 -c 3d_fullres -np 1 --verify_dataset_integrity
  0%|          | 0/120 [00:00<?, ?it/s]  1%|          | 1/120 [00:42<1:23:25, 42.07s/it]  2%|▏         | 2/120 [01:31<1:31:04, 46.31s/it]  2%|▎         | 3/120 [02:15<1:28:18, 45.29s/it]  3%|▎         | 4/120 [02:54<1:22:29, 42.67s/it]  4%|▍         | 5/120 [03:39<1:23:39, 43.65s/it]  5%|▌         | 6/120 [04:40<1:34:13, 49.59s/it]  6%|▌         | 7/120 [05:28<1:32:23, 49.06s/it]  7%|▋         | 8/120 [06:10<1:27:18, 46.77s/it]  8%|▊         | 9/120 [06:46<1:20:23, 43.46s/it]  8%|▊         | 10/120 [07:24<1:16:47, 41.89s/it]  9%|▉         | 11/120 [08:05<1:15:21, 41.48s/it] 10%|█         | 12/120 [08:47<1:14:39, 41.48s/it] 11%|█         | 13/120 [09:26<1:13:09, 41.03s/it] 12%|█▏        | 14/120 [10:02<1:09:36, 39.40s/it] 12%|█▎        | 15/120 [10:58<1:17:45, 44.43s/it] 13%|█▎        | 16/120 [11:41<1:16:22, 44.06s/it] 14%|█▍        | 17/120 [12:32<1:19:06, 46.08s/it] 15%|█▌        | 18/120 [13:24<1:21:06, 47.71s/it] 16%|█▌        | 19/120 [14:06<1:17:43, 46.17s/it] 17%|█▋        | 20/120 [14:36<1:08:29, 41.09s/it] 18%|█▊        | 21/120 [15:21<1:09:46, 42.29s/it] 18%|█▊        | 22/120 [16:04<1:09:36, 42.61s/it] 19%|█▉        | 23/120 [17:03<1:16:44, 47.47s/it] 20%|██        | 24/120 [17:43<1:12:32, 45.34s/it] 21%|██        | 25/120 [18:22<1:08:45, 43.43s/it] 22%|██▏       | 26/120 [19:02<1:06:27, 42.42s/it] 22%|██▎       | 27/120 [19:40<1:03:43, 41.12s/it] 23%|██▎       | 28/120 [20:26<1:05:03, 42.43s/it] 24%|██▍       | 29/120 [21:03<1:02:02, 40.91s/it] 25%|██▌       | 30/120 [21:35<57:09, 38.10s/it]   26%|██▌       | 31/120 [22:11<55:42, 37.55s/it] 27%|██▋       | 32/120 [22:54<57:35, 39.27s/it] 28%|██▊       | 33/120 [23:35<57:48, 39.87s/it] 28%|██▊       | 34/120 [24:20<59:18, 41.37s/it] 29%|██▉       | 35/120 [24:55<55:53, 39.45s/it] 30%|███       | 36/120 [25:37<56:07, 40.08s/it] 31%|███       | 37/120 [26:04<50:04, 36.20s/it] 32%|███▏      | 38/120 [26:47<52:05, 38.11s/it] 32%|███▎      | 39/120 [27:31<54:11, 40.14s/it] 33%|███▎      | 40/120 [28:13<54:10, 40.63s/it] 34%|███▍      | 41/120 [28:52<52:52, 40.16s/it] 35%|███▌      | 42/120 [29:38<54:18, 41.78s/it] 36%|███▌      | 43/120 [30:21<54:06, 42.17s/it] 37%|███▋      | 44/120 [31:04<53:38, 42.35s/it] 38%|███▊      | 45/120 [31:49<54:06, 43.29s/it] 38%|███▊      | 46/120 [32:32<53:20, 43.25s/it] 39%|███▉      | 47/120 [33:14<52:07, 42.84s/it] 40%|████      | 48/120 [33:53<49:54, 41.59s/it] 41%|████      | 49/120 [34:30<47:36, 40.23s/it] 42%|████▏     | 50/120 [35:16<48:54, 41.93s/it] 42%|████▎     | 51/120 [35:52<46:09, 40.14s/it] 43%|████▎     | 52/120 [36:24<42:52, 37.84s/it] 44%|████▍     | 53/120 [37:03<42:27, 38.02s/it] 45%|████▌     | 54/120 [37:41<41:58, 38.16s/it] 46%|████▌     | 55/120 [38:23<42:28, 39.21s/it] 47%|████▋     | 56/120 [39:06<43:13, 40.52s/it] 48%|████▊     | 57/120 [39:47<42:37, 40.59s/it] 48%|████▊     | 58/120 [40:34<43:58, 42.56s/it] 49%|████▉     | 59/120 [41:10<41:11, 40.52s/it] 50%|█████     | 60/120 [41:49<39:55, 39.93s/it] 51%|█████     | 61/120 [42:33<40:27, 41.14s/it] 52%|█████▏    | 62/120 [43:08<38:07, 39.44s/it] 52%|█████▎    | 63/120 [43:46<36:57, 38.90s/it] 53%|█████▎    | 64/120 [44:17<34:11, 36.64s/it] 54%|█████▍    | 65/120 [44:55<33:56, 37.03s/it] 55%|█████▌    | 66/120 [45:27<31:50, 35.39s/it] 56%|█████▌    | 67/120 [46:07<32:39, 36.97s/it] 57%|█████▋    | 68/120 [46:42<31:32, 36.39s/it] 57%|█████▊    | 69/120 [47:24<32:12, 37.88s/it] 58%|█████▊    | 70/120 [48:06<32:44, 39.29s/it] 59%|█████▉    | 71/120 [48:47<32:20, 39.61s/it] 60%|██████    | 72/120 [49:30<32:42, 40.89s/it] 61%|██████    | 73/120 [50:13<32:22, 41.33s/it] 62%|██████▏   | 74/120 [50:52<31:16, 40.80s/it] 62%|██████▎   | 75/120 [51:31<30:05, 40.13s/it] 63%|██████▎   | 76/120 [52:15<30:16, 41.28s/it] 64%|██████▍   | 77/120 [52:54<29:08, 40.67s/it] 65%|██████▌   | 78/120 [53:34<28:15, 40.37s/it] 66%|██████▌   | 79/120 [54:15<27:46, 40.64s/it] 67%|██████▋   | 80/120 [55:04<28:44, 43.11s/it] 68%|██████▊   | 81/120 [55:46<27:52, 42.88s/it] 68%|██████▊   | 82/120 [56:31<27:28, 43.39s/it] 69%|██████▉   | 83/120 [57:14<26:44, 43.35s/it] 70%|███████   | 84/120 [57:54<25:27, 42.42s/it] 71%|███████   | 85/120 [58:35<24:27, 41.93s/it] 72%|███████▏  | 86/120 [59:20<24:16, 42.84s/it] 72%|███████▎  | 87/120 [1:00:00<23:03, 41.92s/it] 73%|███████▎  | 88/120 [1:00:40<22:03, 41.36s/it] 74%|███████▍  | 89/120 [1:01:18<20:54, 40.46s/it] 75%|███████▌  | 90/120 [1:01:52<19:09, 38.33s/it] 76%|███████▌  | 91/120 [1:02:25<17:43, 36.69s/it] 77%|███████▋  | 92/120 [1:03:04<17:30, 37.52s/it] 78%|███████▊  | 93/120 [1:03:53<18:26, 40.98s/it] 78%|███████▊  | 94/120 [1:04:30<17:15, 39.83s/it] 79%|███████▉  | 95/120 [1:05:37<20:00, 48.01s/it] 79%|███████▉  | 95/120 [1:05:59<17:21, 41.68s/it]
multiprocessing.pool.RemoteTraceback: 
"""
Traceback (most recent call last):
  File "/dss/dsshome1/0D/ru47tac2/miniconda3/envs/nnunetv2/lib/python3.10/multiprocessing/pool.py", line 125, in worker
    result = (True, func(*args, **kwds))
  File "/dss/dsshome1/0D/ru47tac2/miniconda3/envs/nnunetv2/lib/python3.10/multiprocessing/pool.py", line 51, in starmapstar
    return list(itertools.starmap(args[0], args[1]))
  File "/dss/dsshome1/0D/ru47tac2/projects/segrap2025/nnunet_repo/nnunetv2/preprocessing/preprocessors/default_preprocessor.py", line 166, in run_case_save
    nnUNetDatasetBlosc2.save_case(data, seg, properties, output_filename_truncated,
  File "/dss/dsshome1/0D/ru47tac2/projects/segrap2025/nnunet_repo/nnunetv2/training/dataloading/nnunet_dataset.py", line 179, in save_case
    blosc2.asarray(np.ascontiguousarray(data), urlpath=output_filename_truncated + '.b2nd', chunks=chunks,
  File "/dss/dsshome1/0D/ru47tac2/miniconda3/envs/nnunetv2/lib/python3.10/site-packages/blosc2/ndarray.py", line 3867, in asarray
    ndarr[slice_] = array_slice
  File "/dss/dsshome1/0D/ru47tac2/miniconda3/envs/nnunetv2/lib/python3.10/site-packages/blosc2/ndarray.py", line 1690, in __setitem__
    return super().set_slice(key, value)
  File "blosc2/blosc2_ext.pyx", line 2546, in blosc2.blosc2_ext.NDArray.set_slice
  File "blosc2/blosc2_ext.pyx", line 2243, in blosc2.blosc2_ext._check_rc
RuntimeError: Error while setting the slice
"""

The above exception was the direct cause of the following exception:

Traceback (most recent call last):
  File "/dss/dsshome1/0D/ru47tac2/miniconda3/envs/nnunetv2/bin/nnUNetv2_plan_and_preprocess", line 8, in <module>
    sys.exit(plan_and_preprocess_entry())
  File "/dss/dsshome1/0D/ru47tac2/projects/segrap2025/nnunet_repo/nnunetv2/experiment_planning/plan_and_preprocess_entrypoints.py", line 196, in plan_and_preprocess_entry
    preprocess(args.d, plans_identifier, args.c, np, args.verbose)
  File "/dss/dsshome1/0D/ru47tac2/projects/segrap2025/nnunet_repo/nnunetv2/experiment_planning/plan_and_preprocess_api.py", line 150, in preprocess
    preprocess_dataset(d, plans_identifier, configurations, num_processes, verbose)
  File "/dss/dsshome1/0D/ru47tac2/projects/segrap2025/nnunet_repo/nnunetv2/experiment_planning/plan_and_preprocess_api.py", line 129, in preprocess_dataset
    preprocessor.run(dataset_id, c, plans_identifier, num_processes=n)
  File "/dss/dsshome1/0D/ru47tac2/projects/segrap2025/nnunet_repo/nnunetv2/preprocessing/preprocessors/default_preprocessor.py", line 304, in run
    _ = [r[i].get() for i in done]
  File "/dss/dsshome1/0D/ru47tac2/projects/segrap2025/nnunet_repo/nnunetv2/preprocessing/preprocessors/default_preprocessor.py", line 304, in <listcomp>
    _ = [r[i].get() for i in done]
  File "/dss/dsshome1/0D/ru47tac2/miniconda3/envs/nnunetv2/lib/python3.10/multiprocessing/pool.py", line 774, in get
    raise self._value
RuntimeError: Error while setting the slice
